[debug] [2025-06-22T09:36:47.755Z] ----------------------------------------------------------------------
[debug] [2025-06-22T09:36:47.756Z] Command:       /Users/reyna/.nvm/versions/node/v22.7.0/bin/node /Users/reyna/.nvm/versions/node/v22.7.0/bin/firebase init firestore
[debug] [2025-06-22T09:36:47.756Z] CLI Version:   14.8.0
[debug] [2025-06-22T09:36:47.756Z] Platform:      darwin
[debug] [2025-06-22T09:36:47.756Z] Node Version:  v22.7.0
[debug] [2025-06-22T09:36:47.756Z] Time:          Sun Jun 22 2025 17:36:47 GMT+0800 (Singapore Standard Time)
[debug] [2025-06-22T09:36:47.756Z] ----------------------------------------------------------------------
[debug] 
[debug] [2025-06-22T09:36:47.759Z] > command requires scopes: ["email","openid","https://www.googleapis.com/auth/cloudplatformprojects.readonly","https://www.googleapis.com/auth/firebase","https://www.googleapis.com/auth/cloud-platform"]
[debug] [2025-06-22T09:36:47.759Z] > authorizing via signed-in user (reynabong8@gmail.com)
[info] 
     ######## #### ########  ######## ########     ###     ######  ########
     ##        ##  ##     ## ##       ##     ##  ##   ##  ##       ##
     ######    ##  ########  ######   ########  #########  ######  ######
     ##        ##  ##    ##  ##       ##     ## ##     ##       ## ##
     ##       #### ##     ## ######## ########  ##     ##  ######  ########

You're about to initialize a Firebase project in this directory:

  /Users/reyna/Amigos

[info] 
=== Project Setup
[info] 
[info] First, let's associate this project directory with a Firebase project.
[info] You can create multiple project aliases by running firebase use --add, 
[info] but for now we'll just set up a default project.
[info] 
[debug] [2025-06-22T09:36:53.408Z] Checked if tokens are valid: true, expires at: 1750588586395
[debug] [2025-06-22T09:36:53.409Z] Checked if tokens are valid: true, expires at: 1750588586395
[debug] [2025-06-22T09:36:53.410Z] >>> [apiv2][query] GET https://firebase.googleapis.com/v1beta1/projects pageSize=100
[debug] [2025-06-22T09:36:54.164Z] <<< [apiv2][status] GET https://firebase.googleapis.com/v1beta1/projects 200
[debug] [2025-06-22T09:36:54.164Z] <<< [apiv2][body] GET https://firebase.googleapis.com/v1beta1/projects [omitted]
[info] i  Using project amigos-bf645 (Amigos) 
[info] 
=== Firestore Setup
[info] i  firestore: ensuring required API firestore.googleapis.com is enabled... 
[debug] [2025-06-22T09:36:57.058Z] Checked if tokens are valid: true, expires at: 1750588586395
[debug] [2025-06-22T09:36:57.058Z] Checked if tokens are valid: true, expires at: 1750588586395
[debug] [2025-06-22T09:36:57.059Z] >>> [apiv2][query] GET https://serviceusage.googleapis.com/v1/projects/amigos-bf645/services/firestore.googleapis.com [none]
[debug] [2025-06-22T09:36:57.059Z] >>> [apiv2][(partial)header] GET https://serviceusage.googleapis.com/v1/projects/amigos-bf645/services/firestore.googleapis.com x-goog-quota-user=projects/amigos-bf645
[debug] [2025-06-22T09:36:58.595Z] <<< [apiv2][status] GET https://serviceusage.googleapis.com/v1/projects/amigos-bf645/services/firestore.googleapis.com 200
[debug] [2025-06-22T09:36:58.596Z] <<< [apiv2][body] GET https://serviceusage.googleapis.com/v1/projects/amigos-bf645/services/firestore.googleapis.com [omitted]
[info] ✔  firestore: required API firestore.googleapis.com is enabled 
[debug] [2025-06-22T09:36:58.601Z] Checked if tokens are valid: true, expires at: 1750588586395
[debug] [2025-06-22T09:36:58.601Z] Checked if tokens are valid: true, expires at: 1750588586395
[debug] [2025-06-22T09:36:58.601Z] >>> [apiv2][query] GET https://firestore.googleapis.com/v1/projects/amigos-bf645/databases [none]
[debug] [2025-06-22T09:36:59.156Z] <<< [apiv2][status] GET https://firestore.googleapis.com/v1/projects/amigos-bf645/databases 200
[debug] [2025-06-22T09:36:59.156Z] <<< [apiv2][body] GET https://firestore.googleapis.com/v1/projects/amigos-bf645/databases {"databases":[{"name":"projects/amigos-bf645/databases/(default)","uid":"a177aabf-e640-4e6b-850d-c47988ef1ae2","createTime":"2025-05-28T21:08:47.705268Z","updateTime":"2025-05-28T21:08:47.705268Z","locationId":"asia-southeast1","type":"FIRESTORE_NATIVE","concurrencyMode":"PESSIMISTIC","versionRetentionPeriod":"3600s","earliestVersionTime":"2025-06-22T08:36:59.230669Z","appEngineIntegrationMode":"DISABLED","keyPrefix":"zas","pointInTimeRecoveryEnablement":"POINT_IN_TIME_RECOVERY_DISABLED","deleteProtectionState":"DELETE_PROTECTION_DISABLED","databaseEdition":"STANDARD","freeTier":true,"etag":"IKfEyLHdhI4DMMDTmdaJx40D"}]}
[info] 
[info] Firestore Security Rules allow you to define how and when to allow
[info] requests. You can keep these rules in your project directory
[info] and publish them with firebase deploy.
[info] 
[debug] [2025-06-22T09:37:08.180Z] Checked if tokens are valid: true, expires at: 1750588586395
[debug] [2025-06-22T09:37:08.180Z] Checked if tokens are valid: true, expires at: 1750588586395
[debug] [2025-06-22T09:37:08.180Z] >>> [apiv2][query] GET https://firebaserules.googleapis.com/v1/projects/amigos-bf645/releases pageSize=10&pageToken=
[debug] [2025-06-22T09:37:09.497Z] <<< [apiv2][status] GET https://firebaserules.googleapis.com/v1/projects/amigos-bf645/releases 200
[debug] [2025-06-22T09:37:09.497Z] <<< [apiv2][body] GET https://firebaserules.googleapis.com/v1/projects/amigos-bf645/releases {"releases":[{"name":"projects/amigos-bf645/releases/cloud.firestore","rulesetName":"projects/amigos-bf645/rulesets/fb4b6026-25fa-4329-9959-fde28067d0cb","createTime":"2025-05-28T21:08:54.059785Z","updateTime":"2025-06-19T18:07:02.716673Z"},{"name":"projects/amigos-bf645/releases/firebase.storage/amigos-bf645.firebasestorage.app","rulesetName":"projects/amigos-bf645/rulesets/eee26fba-a314-4757-80c7-2a6d8dd1cae7","createTime":"2025-06-11T16:25:02.692788Z","updateTime":"2025-06-11T16:25:48.863037Z"}]}
[debug] [2025-06-22T09:37:09.497Z] Checked if tokens are valid: true, expires at: 1750588586395
[debug] [2025-06-22T09:37:09.497Z] Checked if tokens are valid: true, expires at: 1750588586395
[debug] [2025-06-22T09:37:09.498Z] >>> [apiv2][query] GET https://firebaserules.googleapis.com/v1/projects/amigos-bf645/rulesets/fb4b6026-25fa-4329-9959-fde28067d0cb [none]
[debug] [2025-06-22T09:37:09.744Z] <<< [apiv2][status] GET https://firebaserules.googleapis.com/v1/projects/amigos-bf645/rulesets/fb4b6026-25fa-4329-9959-fde28067d0cb 200
[debug] [2025-06-22T09:37:09.744Z] <<< [apiv2][body] GET https://firebaserules.googleapis.com/v1/projects/amigos-bf645/rulesets/fb4b6026-25fa-4329-9959-fde28067d0cb [omitted]
[info] i  Downloaded the existing Firestore Security Rules from the Firebase console 
[info] 
[info] Firestore indexes allow you to perform complex queries while
[info] maintaining performance that scales with the size of the result
[info] set. You can keep index definitions in your project directory
[info] and publish them with firebase deploy.
[info] 
[debug] [2025-06-22T09:37:25.754Z] ExitPromptError: User force closed the prompt with SIGINT
    at Interface.sigint (/Users/reyna/.nvm/versions/node/v22.7.0/lib/node_modules/firebase-tools/node_modules/@inquirer/core/dist/commonjs/lib/create-prompt.js:101:37)
    at Interface.emit (node:events:520:28)
    at Interface.emit (node:domain:488:12)
    at [_ttyWrite] [as _ttyWrite] (node:internal/readline/interface:1125:18)
    at ReadStream.onkeypress (node:internal/readline/interface:264:20)
    at ReadStream.emit (node:events:532:35)
    at ReadStream.emit (node:domain:488:12)
    at emitKeys (node:internal/readline/utils:370:14)
    at emitKeys.next (<anonymous>)
    at ReadStream.onData (node:internal/readline/emitKeypressEvents:64:36)
[error] 
[error] Error: An unexpected error has occurred.
